app/build/intermediates/manifest_merge_blame_file/debug/manifest-merger-blame-debug-report.txt
1<?xml version="1.0" encoding="utf-8"?>
2<manifest xmlns:android="http://schemas.android.com/apk/res/android"
3    package="com.freshtrack"
4    android:versionCode="1"
5    android:versionName="1.0" >
6
7    <uses-sdk
8        android:minSdkVersion="24"
9        android:targetSdkVersion="34" />
10
11    <uses-permission android:name="android.permission.INTERNET" />
11-->src/main/AndroidManifest.xml:5:5-67
11-->src/main/AndroidManifest.xml:5:22-64
12    <uses-permission android:name="android.permission.CAMERA" />
12-->src/main/AndroidManifest.xml:6:5-65
12-->src/main/AndroidManifest.xml:6:22-62
13    <uses-permission android:name="android.permission.POST_NOTIFICATIONS" />
13-->src/main/AndroidManifest.xml:7:5-77
13-->src/main/AndroidManifest.xml:7:22-74
14    <uses-permission android:name="android.permission.SCHEDULE_EXACT_ALARM" />
14-->src/main/AndroidManifest.xml:8:5-79
14-->src/main/AndroidManifest.xml:8:22-76
15
16    <uses-feature
16-->src/main/AndroidManifest.xml:10:5-85
17        android:name="android.hardware.camera"
17-->src/main/AndroidManifest.xml:10:19-57
18        android:required="false" />
18-->src/main/AndroidManifest.xml:10:58-82
19
20    <!-- Although the *SdkVersion is captured in gradle build files, this is required for non gradle builds -->
21    <!-- <uses-sdk android:minSdkVersion="14" /> -->
22    <uses-permission android:name="android.permission.ACCESS_NETWORK_STATE" />
22-->[com.google.firebase:firebase-firestore:24.10.0] AndroidManifest.xml:10:5-79
22-->[com.google.firebase:firebase-firestore:24.10.0] AndroidManifest.xml:10:22-76
23    <uses-permission android:name="android.permission.WAKE_LOCK" />
23-->[androidx.work:work-runtime:2.9.0] AndroidManifest.xml:23:5-68
23-->[androidx.work:work-runtime:2.9.0] AndroidManifest.xml:23:22-65
24    <uses-permission android:name="android.permission.RECEIVE_BOOT_COMPLETED" />
24-->[androidx.work:work-runtime:2.9.0] AndroidManifest.xml:25:5-81
24-->[androidx.work:work-runtime:2.9.0] AndroidManifest.xml:25:22-78
25    <uses-permission android:name="android.permission.FOREGROUND_SERVICE" />
25-->[androidx.work:work-runtime:2.9.0] AndroidManifest.xml:26:5-77
25-->[androidx.work:work-runtime:2.9.0] AndroidManifest.xml:26:22-74
26
27    <permission
27-->[androidx.core:core:1.12.0] AndroidManifest.xml:22:5-24:47
28        android:name="com.freshtrack.DYNAMIC_RECEIVER_NOT_EXPORTED_PERMISSION"
28-->[androidx.core:core:1.12.0] AndroidManifest.xml:23:9-81
29        android:protectionLevel="signature" />
29-->[androidx.core:core:1.12.0] AndroidManifest.xml:24:9-44
30
31    <uses-permission android:name="com.freshtrack.DYNAMIC_RECEIVER_NOT_EXPORTED_PERMISSION" />
31-->[androidx.core:core:1.12.0] AndroidManifest.xml:26:5-97
31-->[androidx.core:core:1.12.0] AndroidManifest.xml:26:22-94
32
33    <application
33-->src/main/AndroidManifest.xml:12:5-35:19
34        android:name="com.freshtrack.FreshTrackApp"
34-->src/main/AndroidManifest.xml:13:9-38
35        android:allowBackup="true"
35-->src/main/AndroidManifest.xml:14:9-35
36        android:appComponentFactory="androidx.core.app.CoreComponentFactory"
36-->[androidx.core:core:1.12.0] AndroidManifest.xml:28:18-86
37        android:dataExtractionRules="@xml/data_extraction_rules"
37-->src/main/AndroidManifest.xml:15:9-65
38        android:debuggable="true"
39        android:extractNativeLibs="false"
40        android:fullBackupContent="@xml/backup_rules"
40-->src/main/AndroidManifest.xml:16:9-54
41        android:icon="@mipmap/ic_launcher"
41-->src/main/AndroidManifest.xml:17:9-43
42        android:label="@string/app_name"
42-->src/main/AndroidManifest.xml:18:9-41
43        android:roundIcon="@mipmap/ic_launcher_round"
43-->src/main/AndroidManifest.xml:19:9-54
44        android:supportsRtl="true"
44-->src/main/AndroidManifest.xml:20:9-35
45        android:theme="@style/Theme.FreshTrack" >
45-->src/main/AndroidManifest.xml:21:9-48
46        <activity
46-->src/main/AndroidManifest.xml:24:9-32:20
47            android:name="com.freshtrack.MainActivity"
47-->src/main/AndroidManifest.xml:25:13-41
48            android:exported="true"
48-->src/main/AndroidManifest.xml:26:13-36
49            android:theme="@style/Theme.FreshTrack" >
49-->src/main/AndroidManifest.xml:27:13-52
50            <intent-filter>
50-->src/main/AndroidManifest.xml:28:13-31:29
51                <action android:name="android.intent.action.MAIN" />
51-->src/main/AndroidManifest.xml:29:17-69
51-->src/main/AndroidManifest.xml:29:25-66
52
53                <category android:name="android.intent.category.LAUNCHER" />
53-->src/main/AndroidManifest.xml:30:17-77
53-->src/main/AndroidManifest.xml:30:27-74
54            </intent-filter>
55        </activity>
56
57        <receiver android:name="com.freshtrack.worker.ExpiryCheckReceiver" />
57-->src/main/AndroidManifest.xml:34:9-64
57-->src/main/AndroidManifest.xml:34:19-61
58
59        <service
59-->[androidx.camera:camera-camera2:1.3.1] AndroidManifest.xml:24:9-33:19
60            android:name="androidx.camera.core.impl.MetadataHolderService"
60-->[androidx.camera:camera-camera2:1.3.1] AndroidManifest.xml:25:13-75
61            android:enabled="false"
61-->[androidx.camera:camera-camera2:1.3.1] AndroidManifest.xml:26:13-36
62            android:exported="false" >
62-->[androidx.camera:camera-camera2:1.3.1] AndroidManifest.xml:27:13-37
63            <meta-data
63-->[androidx.camera:camera-camera2:1.3.1] AndroidManifest.xml:30:13-32:89
64                android:name="androidx.camera.core.impl.MetadataHolderService.DEFAULT_CONFIG_PROVIDER"
64-->[androidx.camera:camera-camera2:1.3.1] AndroidManifest.xml:31:17-103
65                android:value="androidx.camera.camera2.Camera2Config$DefaultProvider" />
65-->[androidx.camera:camera-camera2:1.3.1] AndroidManifest.xml:32:17-86
66        </service>
67        <service
67-->[com.google.android.gms:play-services-mlkit-barcode-scanning:18.3.0] AndroidManifest.xml:9:9-15:19
68            android:name="com.google.mlkit.common.internal.MlKitComponentDiscoveryService"
68-->[com.google.android.gms:play-services-mlkit-barcode-scanning:18.3.0] AndroidManifest.xml:10:13-91
69            android:directBootAware="true"
69-->[com.google.mlkit:common:18.9.0] AndroidManifest.xml:17:13-43
70            android:exported="false" >
70-->[com.google.android.gms:play-services-mlkit-barcode-scanning:18.3.0] AndroidManifest.xml:11:13-37
71            <meta-data
71-->[com.google.android.gms:play-services-mlkit-barcode-scanning:18.3.0] AndroidManifest.xml:12:13-14:85
72                android:name="com.google.firebase.components:com.google.mlkit.vision.barcode.internal.BarcodeRegistrar"
72-->[com.google.android.gms:play-services-mlkit-barcode-scanning:18.3.0] AndroidManifest.xml:13:17-120
73                android:value="com.google.firebase.components.ComponentRegistrar" />
73-->[com.google.android.gms:play-services-mlkit-barcode-scanning:18.3.0] AndroidManifest.xml:14:17-82
74            <meta-data
74-->[com.google.mlkit:vision-common:17.3.0] AndroidManifest.xml:12:13-14:85
75                android:name="com.google.firebase.components:com.google.mlkit.vision.common.internal.VisionCommonRegistrar"
75-->[com.google.mlkit:vision-common:17.3.0] AndroidManifest.xml:13:17-124
76                android:value="com.google.firebase.components.ComponentRegistrar" />
76-->[com.google.mlkit:vision-common:17.3.0] AndroidManifest.xml:14:17-82
77            <meta-data
77-->[com.google.mlkit:common:18.9.0] AndroidManifest.xml:20:13-22:85
78                android:name="com.google.firebase.components:com.google.mlkit.common.internal.CommonComponentRegistrar"
78-->[com.google.mlkit:common:18.9.0] AndroidManifest.xml:21:17-120
79                android:value="com.google.firebase.components.ComponentRegistrar" />
79-->[com.google.mlkit:common:18.9.0] AndroidManifest.xml:22:17-82
80        </service>
81
82        <provider
82-->[com.google.mlkit:common:18.9.0] AndroidManifest.xml:9:9-13:38
83            android:name="com.google.mlkit.common.internal.MlKitInitProvider"
83-->[com.google.mlkit:common:18.9.0] AndroidManifest.xml:10:13-78
84            android:authorities="com.freshtrack.mlkitinitprovider"
84-->[com.google.mlkit:common:18.9.0] AndroidManifest.xml:11:13-69
85            android:exported="false"
85-->[com.google.mlkit:common:18.9.0] AndroidManifest.xml:12:13-37
86            android:initOrder="99" />
86-->[com.google.mlkit:common:18.9.0] AndroidManifest.xml:13:13-35
87
88        <service
88-->[com.google.firebase:firebase-firestore-ktx:24.10.0] AndroidManifest.xml:9:9-15:19
89            android:name="com.google.firebase.components.ComponentDiscoveryService"
89-->[com.google.firebase:firebase-firestore-ktx:24.10.0] AndroidManifest.xml:10:13-84
90            android:directBootAware="true"
90-->[com.google.firebase:firebase-common:20.4.2] AndroidManifest.xml:32:13-43
91            android:exported="false" >
91-->[com.google.firebase:firebase-firestore-ktx:24.10.0] AndroidManifest.xml:11:13-37
92            <meta-data
92-->[com.google.firebase:firebase-firestore-ktx:24.10.0] AndroidManifest.xml:12:13-14:85
93                android:name="com.google.firebase.components:com.google.firebase.firestore.ktx.FirebaseFirestoreLegacyRegistrar"
93-->[com.google.firebase:firebase-firestore-ktx:24.10.0] AndroidManifest.xml:13:17-129
94                android:value="com.google.firebase.components.ComponentRegistrar" />
94-->[com.google.firebase:firebase-firestore-ktx:24.10.0] AndroidManifest.xml:14:17-82
95            <meta-data
95-->[com.google.firebase:firebase-auth-ktx:22.3.0] AndroidManifest.xml:11:13-13:85
96                android:name="com.google.firebase.components:com.google.firebase.auth.ktx.FirebaseAuthLegacyRegistrar"
96-->[com.google.firebase:firebase-auth-ktx:22.3.0] AndroidManifest.xml:12:17-119
97                android:value="com.google.firebase.components.ComponentRegistrar" />
97-->[com.google.firebase:firebase-auth-ktx:22.3.0] AndroidManifest.xml:13:17-82
98            <meta-data
98-->[com.google.firebase:firebase-firestore:24.10.0] AndroidManifest.xml:17:13-19:85
99                android:name="com.google.firebase.components:com.google.firebase.firestore.FirebaseFirestoreKtxRegistrar"
99-->[com.google.firebase:firebase-firestore:24.10.0] AndroidManifest.xml:18:17-122
100                android:value="com.google.firebase.components.ComponentRegistrar" />
100-->[com.google.firebase:firebase-firestore:24.10.0] AndroidManifest.xml:19:17-82
101            <meta-data
101-->[com.google.firebase:firebase-firestore:24.10.0] AndroidManifest.xml:20:13-22:85
102                android:name="com.google.firebase.components:com.google.firebase.firestore.FirestoreRegistrar"
102-->[com.google.firebase:firebase-firestore:24.10.0] AndroidManifest.xml:21:17-111
103                android:value="com.google.firebase.components.ComponentRegistrar" />
103-->[com.google.firebase:firebase-firestore:24.10.0] AndroidManifest.xml:22:17-82
104            <meta-data
104-->[com.google.firebase:firebase-auth:22.3.0] AndroidManifest.xml:69:13-71:85
105                android:name="com.google.firebase.components:com.google.firebase.auth.FirebaseAuthRegistrar"
105-->[com.google.firebase:firebase-auth:22.3.0] AndroidManifest.xml:70:17-109
106                android:value="com.google.firebase.components.ComponentRegistrar" />
106-->[com.google.firebase:firebase-auth:22.3.0] AndroidManifest.xml:71:17-82
107            <meta-data
107-->[com.google.firebase:firebase-common-ktx:20.4.2] AndroidManifest.xml:12:13-14:85
108                android:name="com.google.firebase.components:com.google.firebase.ktx.FirebaseCommonLegacyRegistrar"
108-->[com.google.firebase:firebase-common-ktx:20.4.2] AndroidManifest.xml:13:17-116
109                android:value="com.google.firebase.components.ComponentRegistrar" />
109-->[com.google.firebase:firebase-common-ktx:20.4.2] AndroidManifest.xml:14:17-82
110            <meta-data
110-->[com.google.firebase:firebase-common:20.4.2] AndroidManifest.xml:35:13-37:85
111                android:name="com.google.firebase.components:com.google.firebase.FirebaseCommonKtxRegistrar"
111-->[com.google.firebase:firebase-common:20.4.2] AndroidManifest.xml:36:17-109
112                android:value="com.google.firebase.components.ComponentRegistrar" />
112-->[com.google.firebase:firebase-common:20.4.2] AndroidManifest.xml:37:17-82
113        </service>
114
115        <activity
115-->[com.google.firebase:firebase-auth:22.3.0] AndroidManifest.xml:29:9-46:20
116            android:name="com.google.firebase.auth.internal.GenericIdpActivity"
116-->[com.google.firebase:firebase-auth:22.3.0] AndroidManifest.xml:30:13-80
117            android:excludeFromRecents="true"
117-->[com.google.firebase:firebase-auth:22.3.0] AndroidManifest.xml:31:13-46
118            android:exported="true"
118-->[com.google.firebase:firebase-auth:22.3.0] AndroidManifest.xml:32:13-36
119            android:launchMode="singleTask"
119-->[com.google.firebase:firebase-auth:22.3.0] AndroidManifest.xml:33:13-44
120            android:theme="@android:style/Theme.Translucent.NoTitleBar" >
120-->[com.google.firebase:firebase-auth:22.3.0] AndroidManifest.xml:34:13-72
121            <intent-filter>
121-->[com.google.firebase:firebase-auth:22.3.0] AndroidManifest.xml:35:13-45:29
122                <action android:name="android.intent.action.VIEW" />
122-->[com.google.firebase:firebase-auth:22.3.0] AndroidManifest.xml:36:17-69
122-->[com.google.firebase:firebase-auth:22.3.0] AndroidManifest.xml:36:25-66
123
124                <category android:name="android.intent.category.DEFAULT" />
124-->[com.google.firebase:firebase-auth:22.3.0] AndroidManifest.xml:38:17-76
124-->[com.google.firebase:firebase-auth:22.3.0] AndroidManifest.xml:38:27-73
125                <category android:name="android.intent.category.BROWSABLE" />
125-->[com.google.firebase:firebase-auth:22.3.0] AndroidManifest.xml:39:17-78
125-->[com.google.firebase:firebase-auth:22.3.0] AndroidManifest.xml:39:27-75
126
127                <data
127-->[com.google.firebase:firebase-auth:22.3.0] AndroidManifest.xml:41:17-44:51
128                    android:host="firebase.auth"
128-->[com.google.firebase:firebase-auth:22.3.0] AndroidManifest.xml:42:21-49
129                    android:path="/"
129-->[com.google.firebase:firebase-auth:22.3.0] AndroidManifest.xml:43:21-37
130                    android:scheme="genericidp" />
130-->[com.google.firebase:firebase-auth:22.3.0] AndroidManifest.xml:44:21-48
131            </intent-filter>
132        </activity>
133        <activity
133-->[com.google.firebase:firebase-auth:22.3.0] AndroidManifest.xml:47:9-64:20
134            android:name="com.google.firebase.auth.internal.RecaptchaActivity"
134-->[com.google.firebase:firebase-auth:22.3.0] AndroidManifest.xml:48:13-79
135            android:excludeFromRecents="true"
135-->[com.google.firebase:firebase-auth:22.3.0] AndroidManifest.xml:49:13-46
136            android:exported="true"
136-->[com.google.firebase:firebase-auth:22.3.0] AndroidManifest.xml:50:13-36
137            android:launchMode="singleTask"
137-->[com.google.firebase:firebase-auth:22.3.0] AndroidManifest.xml:51:13-44
138            android:theme="@android:style/Theme.Translucent.NoTitleBar" >
138-->[com.google.firebase:firebase-auth:22.3.0] AndroidManifest.xml:52:13-72
139            <intent-filter>
139-->[com.google.firebase:firebase-auth:22.3.0] AndroidManifest.xml:53:13-63:29
140                <action android:name="android.intent.action.VIEW" />
140-->[com.google.firebase:firebase-auth:22.3.0] AndroidManifest.xml:36:17-69
140-->[com.google.firebase:firebase-auth:22.3.0] AndroidManifest.xml:36:25-66
141
142                <category android:name="android.intent.category.DEFAULT" />
142-->[com.google.firebase:firebase-auth:22.3.0] AndroidManifest.xml:38:17-76
142-->[com.google.firebase:firebase-auth:22.3.0] AndroidManifest.xml:38:27-73
143                <category android:name="android.intent.category.BROWSABLE" />
143-->[com.google.firebase:firebase-auth:22.3.0] AndroidManifest.xml:39:17-78
143-->[com.google.firebase:firebase-auth:22.3.0] AndroidManifest.xml:39:27-75
144
145                <data
145-->[com.google.firebase:firebase-auth:22.3.0] AndroidManifest.xml:41:17-44:51
146                    android:host="firebase.auth"
146-->[com.google.firebase:firebase-auth:22.3.0] AndroidManifest.xml:42:21-49
147                    android:path="/"
147-->[com.google.firebase:firebase-auth:22.3.0] AndroidManifest.xml:43:21-37
148                    android:scheme="recaptcha" />
148-->[com.google.firebase:firebase-auth:22.3.0] AndroidManifest.xml:44:21-48
149            </intent-filter>
150        </activity>
151
152        <provider
152-->[com.google.firebase:firebase-common:20.4.2] AndroidManifest.xml:23:9-28:39
153            android:name="com.google.firebase.provider.FirebaseInitProvider"
153-->[com.google.firebase:firebase-common:20.4.2] AndroidManifest.xml:24:13-77
154            android:authorities="com.freshtrack.firebaseinitprovider"
154-->[com.google.firebase:firebase-common:20.4.2] AndroidManifest.xml:25:13-72
155            android:directBootAware="true"
155-->[com.google.firebase:firebase-common:20.4.2] AndroidManifest.xml:26:13-43
156            android:exported="false"
156-->[com.google.firebase:firebase-common:20.4.2] AndroidManifest.xml:27:13-37
157            android:initOrder="100" />
157-->[com.google.firebase:firebase-common:20.4.2] AndroidManifest.xml:28:13-36
158
159        <activity
159-->[com.google.android.gms:play-services-base:18.1.0] AndroidManifest.xml:20:9-22:45
160            android:name="com.google.android.gms.common.api.GoogleApiActivity"
160-->[com.google.android.gms:play-services-base:18.1.0] AndroidManifest.xml:20:19-85
161            android:exported="false"
161-->[com.google.android.gms:play-services-base:18.1.0] AndroidManifest.xml:22:19-43
162            android:theme="@android:style/Theme.Translucent.NoTitleBar" />
162-->[com.google.android.gms:play-services-base:18.1.0] AndroidManifest.xml:21:19-78
163
164        <provider
164-->[androidx.work:work-runtime:2.9.0] AndroidManifest.xml:29:9-37:20
165            android:name="androidx.startup.InitializationProvider"
165-->[androidx.work:work-runtime:2.9.0] AndroidManifest.xml:30:13-67
166            android:authorities="com.freshtrack.androidx-startup"
166-->[androidx.work:work-runtime:2.9.0] AndroidManifest.xml:31:13-68
167            android:exported="false" >
167-->[androidx.work:work-runtime:2.9.0] AndroidManifest.xml:32:13-37
168            <meta-data
168-->[androidx.work:work-runtime:2.9.0] AndroidManifest.xml:34:13-36:52
169                android:name="androidx.work.WorkManagerInitializer"
169-->[androidx.work:work-runtime:2.9.0] AndroidManifest.xml:35:17-68
170                android:value="androidx.startup" />
170-->[androidx.work:work-runtime:2.9.0] AndroidManifest.xml:36:17-49
171            <meta-data
171-->[androidx.emoji2:emoji2:1.3.0] AndroidManifest.xml:29:13-31:52
172                android:name="androidx.emoji2.text.EmojiCompatInitializer"
172-->[androidx.emoji2:emoji2:1.3.0] AndroidManifest.xml:30:17-75
173                android:value="androidx.startup" />
173-->[androidx.emoji2:emoji2:1.3.0] AndroidManifest.xml:31:17-49
174            <meta-data
174-->[androidx.lifecycle:lifecycle-process:2.7.0] AndroidManifest.xml:29:13-31:52
175                android:name="androidx.lifecycle.ProcessLifecycleInitializer"
175-->[androidx.lifecycle:lifecycle-process:2.7.0] AndroidManifest.xml:30:17-78
176                android:value="androidx.startup" />
176-->[androidx.lifecycle:lifecycle-process:2.7.0] AndroidManifest.xml:31:17-49
177            <meta-data
177-->[androidx.profileinstaller:profileinstaller:1.3.1] AndroidManifest.xml:29:13-31:52
178                android:name="androidx.profileinstaller.ProfileInstallerInitializer"
178-->[androidx.profileinstaller:profileinstaller:1.3.1] AndroidManifest.xml:30:17-85
179                android:value="androidx.startup" />
179-->[androidx.profileinstaller:profileinstaller:1.3.1] AndroidManifest.xml:31:17-49
180        </provider>
181
182        <service
182-->[androidx.work:work-runtime:2.9.0] AndroidManifest.xml:39:9-45:35
183            android:name="androidx.work.impl.background.systemalarm.SystemAlarmService"
183-->[androidx.work:work-runtime:2.9.0] AndroidManifest.xml:40:13-88
184            android:directBootAware="false"
184-->[androidx.work:work-runtime:2.9.0] AndroidManifest.xml:41:13-44
185            android:enabled="@bool/enable_system_alarm_service_default"
185-->[androidx.work:work-runtime:2.9.0] AndroidManifest.xml:42:13-72
186            android:exported="false" />
186-->[androidx.work:work-runtime:2.9.0] AndroidManifest.xml:43:13-37
187        <service
187-->[androidx.work:work-runtime:2.9.0] AndroidManifest.xml:46:9-52:35
188            android:name="androidx.work.impl.background.systemjob.SystemJobService"
188-->[androidx.work:work-runtime:2.9.0] AndroidManifest.xml:47:13-84
189            android:directBootAware="false"
189-->[androidx.work:work-runtime:2.9.0] AndroidManifest.xml:48:13-44
190            android:enabled="@bool/enable_system_job_service_default"
190-->[androidx.work:work-runtime:2.9.0] AndroidManifest.xml:49:13-70
191            android:exported="true"
191-->[androidx.work:work-runtime:2.9.0] AndroidManifest.xml:50:13-36
192            android:permission="android.permission.BIND_JOB_SERVICE" />
192-->[androidx.work:work-runtime:2.9.0] AndroidManifest.xml:51:13-69
193        <service
193-->[androidx.work:work-runtime:2.9.0] AndroidManifest.xml:53:9-59:35
194            android:name="androidx.work.impl.foreground.SystemForegroundService"
194-->[androidx.work:work-runtime:2.9.0] AndroidManifest.xml:54:13-81
195            android:directBootAware="false"
195-->[androidx.work:work-runtime:2.9.0] AndroidManifest.xml:55:13-44
196            android:enabled="@bool/enable_system_foreground_service_default"
196-->[androidx.work:work-runtime:2.9.0] AndroidManifest.xml:56:13-77
197            android:exported="false" />
197-->[androidx.work:work-runtime:2.9.0] AndroidManifest.xml:57:13-37
198
199        <receiver
199-->[androidx.work:work-runtime:2.9.0] AndroidManifest.xml:61:9-66:35
200            android:name="androidx.work.impl.utils.ForceStopRunnable$BroadcastReceiver"
200-->[androidx.work:work-runtime:2.9.0] AndroidManifest.xml:62:13-88
201            android:directBootAware="false"
201-->[androidx.work:work-runtime:2.9.0] AndroidManifest.xml:63:13-44
202            android:enabled="true"
202-->[androidx.work:work-runtime:2.9.0] AndroidManifest.xml:64:13-35
203            android:exported="false" />
203-->[androidx.work:work-runtime:2.9.0] AndroidManifest.xml:65:13-37
204        <receiver
204-->[androidx.work:work-runtime:2.9.0] AndroidManifest.xml:67:9-77:20
205            android:name="androidx.work.impl.background.systemalarm.ConstraintProxy$BatteryChargingProxy"
205-->[androidx.work:work-runtime:2.9.0] AndroidManifest.xml:68:13-106
206            android:directBootAware="false"
206-->[androidx.work:work-runtime:2.9.0] AndroidManifest.xml:69:13-44
207            android:enabled="false"
207-->[androidx.work:work-runtime:2.9.0] AndroidManifest.xml:70:13-36
208            android:exported="false" >
208-->[androidx.work:work-runtime:2.9.0] AndroidManifest.xml:71:13-37
209            <intent-filter>
209-->[androidx.work:work-runtime:2.9.0] AndroidManifest.xml:73:13-76:29
210                <action android:name="android.intent.action.ACTION_POWER_CONNECTED" />
210-->[androidx.work:work-runtime:2.9.0] AndroidManifest.xml:74:17-87
210-->[androidx.work:work-runtime:2.9.0] AndroidManifest.xml:74:25-84
211                <action android:name="android.intent.action.ACTION_POWER_DISCONNECTED" />
211-->[androidx.work:work-runtime:2.9.0] AndroidManifest.xml:75:17-90
211-->[androidx.work:work-runtime:2.9.0] AndroidManifest.xml:75:25-87
212            </intent-filter>
213        </receiver>
214        <receiver
214-->[androidx.work:work-runtime:2.9.0] AndroidManifest.xml:78:9-88:20
215            android:name="androidx.work.impl.background.systemalarm.ConstraintProxy$BatteryNotLowProxy"
215-->[androidx.work:work-runtime:2.9.0] AndroidManifest.xml:79:13-104
216            android:directBootAware="false"
216-->[androidx.work:work-runtime:2.9.0] AndroidManifest.xml:80:13-44
217            android:enabled="false"
217-->[androidx.work:work-runtime:2.9.0] AndroidManifest.xml:81:13-36
218            android:exported="false" >
218-->[androidx.work:work-runtime:2.9.0] AndroidManifest.xml:82:13-37
219            <intent-filter>
219-->[androidx.work:work-runtime:2.9.0] AndroidManifest.xml:84:13-87:29
220                <action android:name="android.intent.action.BATTERY_OKAY" />
220-->[androidx.work:work-runtime:2.9.0] AndroidManifest.xml:85:17-77
220-->[androidx.work:work-runtime:2.9.0] AndroidManifest.xml:85:25-74
221                <action android:name="android.intent.action.BATTERY_LOW" />
221-->[androidx.work:work-runtime:2.9.0] AndroidManifest.xml:86:17-76
221-->[androidx.work:work-runtime:2.9.0] AndroidManifest.xml:86:25-73
222            </intent-filter>
223        </receiver>
224        <receiver
224-->[androidx.work:work-runtime:2.9.0] AndroidManifest.xml:89:9-99:20
225            android:name="androidx.work.impl.background.systemalarm.ConstraintProxy$StorageNotLowProxy"
225-->[androidx.work:work-runtime:2.9.0] AndroidManifest.xml:90:13-104
226            android:directBootAware="false"
226-->[androidx.work:work-runtime:2.9.0] AndroidManifest.xml:91:13-44
227            android:enabled="false"
227-->[androidx.work:work-runtime:2.9.0] AndroidManifest.xml:92:13-36
228            android:exported="false" >
228-->[androidx.work:work-runtime:2.9.0] AndroidManifest.xml:93:13-37
229            <intent-filter>
229-->[androidx.work:work-runtime:2.9.0] AndroidManifest.xml:95:13-98:29
230                <action android:name="android.intent.action.DEVICE_STORAGE_LOW" />
230-->[androidx.work:work-runtime:2.9.0] AndroidManifest.xml:96:17-83
230-->[androidx.work:work-runtime:2.9.0] AndroidManifest.xml:96:25-80
231                <action android:name="android.intent.action.DEVICE_STORAGE_OK" />
231-->[androidx.work:work-runtime:2.9.0] AndroidManifest.xml:97:17-82
231-->[androidx.work:work-runtime:2.9.0] AndroidManifest.xml:97:25-79
232            </intent-filter>
233        </receiver>
234        <receiver
234-->[androidx.work:work-runtime:2.9.0] AndroidManifest.xml:100:9-109:20
235            android:name="androidx.work.impl.background.systemalarm.ConstraintProxy$NetworkStateProxy"
235-->[androidx.work:work-runtime:2.9.0] AndroidManifest.xml:101:13-103
236            android:directBootAware="false"
236-->[androidx.work:work-runtime:2.9.0] AndroidManifest.xml:102:13-44
237            android:enabled="false"
237-->[androidx.work:work-runtime:2.9.0] AndroidManifest.xml:103:13-36
238            android:exported="false" >
238-->[androidx.work:work-runtime:2.9.0] AndroidManifest.xml:104:13-37
239            <intent-filter>
239-->[androidx.work:work-runtime:2.9.0] AndroidManifest.xml:106:13-108:29
240                <action android:name="android.net.conn.CONNECTIVITY_CHANGE" />
240-->[androidx.work:work-runtime:2.9.0] AndroidManifest.xml:107:17-79
240-->[androidx.work:work-runtime:2.9.0] AndroidManifest.xml:107:25-76
241            </intent-filter>
242        </receiver>
243        <receiver
243-->[androidx.work:work-runtime:2.9.0] AndroidManifest.xml:110:9-121:20
244            android:name="androidx.work.impl.background.systemalarm.RescheduleReceiver"
244-->[androidx.work:work-runtime:2.9.0] AndroidManifest.xml:111:13-88
245            android:directBootAware="false"
245-->[androidx.work:work-runtime:2.9.0] AndroidManifest.xml:112:13-44
246            android:enabled="false"
246-->[androidx.work:work-runtime:2.9.0] AndroidManifest.xml:113:13-36
247            android:exported="false" >
247-->[androidx.work:work-runtime:2.9.0] AndroidManifest.xml:114:13-37
248            <intent-filter>
248-->[androidx.work:work-runtime:2.9.0] AndroidManifest.xml:116:13-120:29
249                <action android:name="android.intent.action.BOOT_COMPLETED" />
249-->[androidx.work:work-runtime:2.9.0] AndroidManifest.xml:117:17-79
249-->[androidx.work:work-runtime:2.9.0] AndroidManifest.xml:117:25-76
250                <action android:name="android.intent.action.TIME_SET" />
250-->[androidx.work:work-runtime:2.9.0] AndroidManifest.xml:118:17-73
250-->[androidx.work:work-runtime:2.9.0] AndroidManifest.xml:118:25-70
251                <action android:name="android.intent.action.TIMEZONE_CHANGED" />
251-->[androidx.work:work-runtime:2.9.0] AndroidManifest.xml:119:17-81
251-->[androidx.work:work-runtime:2.9.0] AndroidManifest.xml:119:25-78
252            </intent-filter>
253        </receiver>
254        <receiver
254-->[androidx.work:work-runtime:2.9.0] AndroidManifest.xml:122:9-131:20
255            android:name="androidx.work.impl.background.systemalarm.ConstraintProxyUpdateReceiver"
255-->[androidx.work:work-runtime:2.9.0] AndroidManifest.xml:123:13-99
256            android:directBootAware="false"
256-->[androidx.work:work-runtime:2.9.0] AndroidManifest.xml:124:13-44
257            android:enabled="@bool/enable_system_alarm_service_default"
257-->[androidx.work:work-runtime:2.9.0] AndroidManifest.xml:125:13-72
258            android:exported="false" >
258-->[androidx.work:work-runtime:2.9.0] AndroidManifest.xml:126:13-37
259            <intent-filter>
259-->[androidx.work:work-runtime:2.9.0] AndroidManifest.xml:128:13-130:29
260                <action android:name="androidx.work.impl.background.systemalarm.UpdateProxies" />
260-->[androidx.work:work-runtime:2.9.0] AndroidManifest.xml:129:17-98
260-->[androidx.work:work-runtime:2.9.0] AndroidManifest.xml:129:25-95
261            </intent-filter>
262        </receiver>
263        <receiver
263-->[androidx.work:work-runtime:2.9.0] AndroidManifest.xml:132:9-142:20